2023-06-22 16:29:30,521 Test Case Started 
2023-06-22 16:29:30,521 Test Case Started 
2023-06-22 16:29:30,521 User Enters Url 
2023-06-22 16:29:32,046 User Enters UserName 
2023-06-22 16:29:34,218 User Enters Password 
2023-06-22 16:29:36,433 User Clicks Login 
2023-06-22 16:29:39,265 Test Case End 
2023-06-22 16:29:39,776 added item1 cart 
2023-06-22 16:29:39,990 clicked on cart icon 
2023-06-22 16:29:40,220 clicked on CheckOut 
2023-06-22 16:29:40,566 Entered Deatils 
2023-06-22 16:29:40,709 clicked on continue and finish 
2023-06-22 16:29:42,830 Test Case Started 
2023-06-22 16:29:42,910 Test Case Started 
2023-06-22 16:29:42,910 User Enters Url 
2023-06-22 16:29:46,367 User Enters UserName 
2023-06-22 16:29:48,462 User Enters Password 
2023-06-22 16:29:50,867 User Clicks Login 
2023-06-22 16:29:53,556 Test Case End 
2023-06-22 16:29:54,055 added item2 cart 
2023-06-22 16:29:54,273 clicked on cart icon 
2023-06-22 16:29:54,483 clicked on CheckOut 
2023-06-22 16:29:54,868 Entered Deatils 
2023-06-22 16:29:54,981 clicked on continue and finish 
2023-06-22 16:29:56,727 Test Case Started 
2023-06-22 16:29:56,727 Test Case Started 
2023-06-22 16:29:56,727 User Enters Url 
2023-06-22 16:29:59,310 User Enters UserName 
2023-06-22 16:30:01,404 User Enters Password 
2023-06-22 16:30:03,618 User Clicks Login 
2023-06-22 16:30:06,315 Test Case End 
2023-06-22 16:30:06,779 added item3 cart 
2023-06-22 16:30:07,012 clicked on cart icon 
2023-06-22 16:30:07,232 clicked on CheckOut 
2023-06-22 16:30:07,579 Entered Deatils 
2023-06-22 16:30:07,685 clicked on continue and finish 
